<?xml version="1.0" encoding="UTF-8"?>
<!-- Generated by org.testng.reporters.JUnitReportReporter -->
<testsuite hostname="LAPTOP-TJ6E03VU" failures="0" tests="10" name="runner.WebApp" time="151.454" errors="0" timestamp="2022-01-19T16:20:40 IST" skipped="0">
  <testcase classname="runner.WebApp" name="HomePage" time="4.245"/>
  <system-out/>
  <testcase classname="runner.WebApp" name="LocalPage" time="27.091"/>
  <system-out/>
  <testcase classname="runner.WebApp" name="SignUp" time="9.127"/>
  <system-out/>
  <testcase classname="runner.WebApp" name="HomepageLogin" time="7.341"/>
  <system-out/>
  <testcase classname="runner.WebApp" name="AboutPage" time="4.828"/>
  <system-out/>
  <testcase classname="runner.WebApp" name="ContactPage" time="6.456"/>
  <system-out/>
  <testcase classname="runner.WebApp" name="OnewayPage" time="14.820"/>
  <system-out/>
  <testcase classname="runner.WebApp" name="OutstationPage" time="33.324"/>
  <system-out/>
  <testcase classname="runner.WebApp" name="AirportPage" time="33.080"/>
  <system-out/>
  <testcase classname="runner.WebApp" name="CorporatePage" time="11.142"/>
  <system-out/>
</testsuite> <!-- runner.WebApp -->
